
> expressTester@0.0.0 start /opt/bitnami/apache2/htdocs/CS360/expressTester
> node ./bin/www

[0mGET /weather.html [32m200 [0m8.227 ms - 562[0m
[0mGET /javascripts/weatherUtil.js [32m200 [0m1.994 ms - 1335[0m
{ q: 'p' }
Alpine
Altamont
Alton
Altonah
American Fork
Aneth
Annabella
Antimony
Aurora
Axtell
Bear River City
Beaver
Beryl
Bicknell
Bingham Canyon
Blanding
Bluebell
Bluff
Bonanza
Boulder
Bountiful
Brian Head
Brigham City
Bryce
Bryce Canyon
Cache Junction
Cannonville
Castle Dale
Cedar City
Cedar Valley
Centerfield
Centerville
Central
Chester
Circleville
Cisco
Clarkston
Clawson
Clearfield
Cleveland
Clinton
Coalville
Collinston
Corinne
Cornish
Croydon
Dammeron Valley
Delta
Deweyville
Draper
Duchesne
Duck Creek Village
Dugway
Dutch John
East Carbon
Echo
Eden
Elberta
Elmo
Elsinore
Emery
Enterprise
Ephraim
Escalante
Eureka
Fairview
Farmington
Fayette
Ferron
Fielding
Fillmore
Fort Duchesne
Fountain Green
Fruitland
Garden City
Garland
Garrison
Glendale
Glenwood
Goshen
Grantsville
Green River
Greenville
Greenwich
Grouse Creek
Gunlock
Gunnison
Gusher
Hanksville
Hanna
Hatch
Heber City
Helper
Henefer
Henrieville
Hiawatha
Hildale
Hill AFB
Hinckley
Holden
Honeyville
Hooper
Howell
Huntington
Huntsville
Hurricane
Hyde Park
Hyrum
Ibapah
Ivins
Jensen
Joseph
Junction
Kamas
Kanab
Kanarraville
Kanosh
Kaysville
Kenilworth
Kingston
Koosharem
La Sal
La Verkin
Lake Powell
Laketown
Lapoint
Layton
Leamington
Leeds
Lehi
Levan
Lewiston
Lindon
Loa
Logan
Lyman
Lynndyl
Magna
Manila
Manti
Mantua
Mapleton
Marysvale
Mayfield
Meadow
Mendon
Mexican Hat
Midvale
Midway
Milford
Millville
Minersville
Moab
Modena
Mona
Monroe
Montezuma Creek
Monticello
Morgan
Moroni
Mount Carmel
Mount Pleasant
Mountain Home
Myton
Neola
Nephi
New Harmony
Newcastle
Newton
North Salt Lake
Oak City
Oakley
Oasis
Ogden
Orangeville
Orderville
Orem
Panguitch
Paradise
Paragonah
Park City
Park Valley
Parowan
Payson
Peoa
Pine Valley
Pleasant Grove
Plymouth
Portage
Price
Providence
Provo
Randlett
Randolph
Redmond
Richfield
Richmond
Riverside
Riverton
Rockville
Roosevelt
Roy
Rush Valley
Saint George
Salem
Salina
Salt Lake City
Sandy
Santa Clara
Santaquin
Scipio
Sevier
Sigurd
Smithfield
Snowville
South Jordan
South Willard
Spanish Fork
Spring City
Springdale
Springville
Sterling
Stockton
Summit
Sunnyside
Syracuse
Tabiona
Talmage
Teasdale
Thompson
Tooele
Toquerville
Torrey
Tremonton
Trenton
Tridell
Tropic
Vernal
Vernon
Veyo
Virgin
Wales
Wallsburg
Washington
Wellington
Wellsville
Wendover
West Jordan
Whiterocks
Willard
Woodruff
Woods Cross

[0mGET /getcity?q=p [32m200 [0m17.331 ms - 2[0m
{ q: 'P' }
Alpine
Altamont
Alton
Altonah
American Fork
Aneth
Annabella
Antimony
Aurora
Axtell
Bear River City
Beaver
Beryl
Bicknell
Bingham Canyon
Blanding
Bluebell
Bluff
Bonanza
Boulder
Bountiful
Brian Head
Brigham City
Bryce
Bryce Canyon
Cache Junction
Cannonville
Castle Dale
Cedar City
Cedar Valley
Centerfield
Centerville
Central
Chester
Circleville
Cisco
Clarkston
Clawson
Clearfield
Cleveland
Clinton
Coalville
Collinston
Corinne
Cornish
Croydon
Dammeron Valley
Delta
Deweyville
Draper
Duchesne
Duck Creek Village
Dugway
Dutch John
East Carbon
Echo
Eden
Elberta
Elmo
Elsinore
Emery
Enterprise
Ephraim
Escalante
Eureka
Fairview
Farmington
Fayette
Ferron
Fielding
Fillmore
Fort Duchesne
Fountain Green
Fruitland
Garden City
Garland
Garrison
Glendale
Glenwood
Goshen
Grantsville
Green River
Greenville
Greenwich
Grouse Creek
Gunlock
Gunnison
Gusher
Hanksville
Hanna
Hatch
Heber City
Helper
Henefer
Henrieville
Hiawatha
Hildale
Hill AFB
Hinckley
Holden
Honeyville
Hooper
Howell
Huntington
Huntsville
Hurricane
Hyde Park
Hyrum
Ibapah
Ivins
Jensen
Joseph
Junction
Kamas
Kanab
Kanarraville
Kanosh
Kaysville
Kenilworth
Kingston
Koosharem
La Sal
La Verkin
Lake Powell
Laketown
Lapoint
Layton
Leamington
Leeds
Lehi
Levan
Lewiston
Lindon
Loa
Logan
Lyman
Lynndyl
Magna
Manila
Manti
Mantua
Mapleton
Marysvale
Mayfield
Meadow
Mendon
Mexican Hat
Midvale
Midway
Milford
Millville
Minersville
Moab
Modena
Mona
Monroe
Montezuma Creek
Monticello
Morgan
Moroni
Mount Carmel
Mount Pleasant
Mountain Home
Myton
Neola
Nephi
New Harmony
Newcastle
Newton
North Salt Lake
Oak City
Oakley
Oasis
Ogden
Orangeville
Orderville
Orem
Panguitch
Panguitch
Paradise
Paradise
Paragonah
Paragonah
Park City
Park City
Park Valley
Park Valley
Parowan
Parowan
Payson
Payson
Peoa
Peoa
Pine Valley
Pine Valley
Pleasant Grove
Pleasant Grove
Plymouth
Plymouth
Portage
Portage
Price
Price
Providence
Providence
Provo
Provo
Randlett
Randolph
Redmond
Richfield
Richmond
Riverside
Riverton
Rockville
Roosevelt
Roy
Rush Valley
Saint George
Salem
Salina
Salt Lake City
Sandy
Santa Clara
Santaquin
Scipio
Sevier
Sigurd
Smithfield
Snowville
South Jordan
South Willard
Spanish Fork
Spring City
Springdale
Springville
Sterling
Stockton
Summit
Sunnyside
Syracuse
Tabiona
Talmage
Teasdale
Thompson
Tooele
Toquerville
Torrey
Tremonton
Trenton
Tridell
Tropic
Vernal
Vernon
Veyo
Virgin
Wales
Wallsburg
Washington
Wellington
Wellsville
Wendover
West Jordan
Whiterocks
Willard
Woodruff
Woods Cross

[0mGET /getcity?q=P [32m200 [0m4.602 ms - 304[0m
{ q: 'P' }
Alpine
Altamont
Alton
Altonah
American Fork
Aneth
Annabella
Antimony
Aurora
Axtell
Bear River City
Beaver
Beryl
Bicknell
Bingham Canyon
Blanding
Bluebell
Bluff
Bonanza
Boulder
Bountiful
Brian Head
Brigham City
Bryce
Bryce Canyon
Cache Junction
Cannonville
Castle Dale
Cedar City
Cedar Valley
Centerfield
Centerville
Central
Chester
Circleville
Cisco
Clarkston
Clawson
Clearfield
Cleveland
Clinton
Coalville
Collinston
Corinne
Cornish
Croydon
Dammeron Valley
Delta
Deweyville
Draper
Duchesne
Duck Creek Village
Dugway
Dutch John
East Carbon
Echo
Eden
Elberta
Elmo
Elsinore
Emery
Enterprise
Ephraim
Escalante
Eureka
Fairview
Farmington
Fayette
Ferron
Fielding
Fillmore
Fort Duchesne
Fountain Green
Fruitland
Garden City
Garland
Garrison
Glendale
Glenwood
Goshen
Grantsville
Green River
Greenville
Greenwich
Grouse Creek
Gunlock
Gunnison
Gusher
Hanksville
Hanna
Hatch
Heber City
Helper
Henefer
Henrieville
Hiawatha
Hildale
Hill AFB
Hinckley
Holden
Honeyville
Hooper
Howell
Huntington
Huntsville
Hurricane
Hyde Park
Hyrum
Ibapah
Ivins
Jensen
Joseph
Junction
Kamas
Kanab
Kanarraville
Kanosh
Kaysville
Kenilworth
Kingston
Koosharem
La Sal
La Verkin
Lake Powell
Laketown
Lapoint
Layton
Leamington
Leeds
Lehi
Levan
Lewiston
Lindon
Loa
Logan
Lyman
Lynndyl
Magna
Manila
Manti
Mantua
Mapleton
Marysvale
Mayfield
Meadow
Mendon
Mexican Hat
Midvale
Midway
Milford
Millville
Minersville
Moab
Modena
Mona
Monroe
Montezuma Creek
Monticello
Morgan
Moroni
Mount Carmel
Mount Pleasant
Mountain Home
Myton
Neola
Nephi
New Harmony
Newcastle
Newton
North Salt Lake
Oak City
Oakley
Oasis
Ogden
Orangeville
Orderville
Orem
Panguitch
Panguitch
Paradise
Paradise
Paragonah
Paragonah
Park City
Park City
Park Valley
Park Valley
Parowan
Parowan
Payson
Payson
Peoa
Peoa
Pine Valley
Pine Valley
Pleasant Grove
Pleasant Grove
Plymouth
Plymouth
Portage
Portage
Price
Price
Providence
Providence
Provo
Provo
Randlett
Randolph
Redmond
Richfield
Richmond
Riverside
Riverton
Rockville
Roosevelt
Roy
Rush Valley
Saint George
Salem
Salina
Salt Lake City
Sandy
Santa Clara
Santaquin
Scipio
Sevier
Sigurd
Smithfield
Snowville
South Jordan
South Willard
Spanish Fork
Spring City
Springdale
Springville
Sterling
Stockton
Summit
Sunnyside
Syracuse
Tabiona
Talmage
Teasdale
Thompson
Tooele
Toquerville
Torrey
Tremonton
Trenton
Tridell
Tropic
Vernal
Vernon
Veyo
Virgin
Wales
Wallsburg
Washington
Wellington
Wellsville
Wendover
West Jordan
Whiterocks
Willard
Woodruff
Woods Cross

[0mGET /getcity?q=P [32m200 [0m1.743 ms - 304[0m
{ q: 'Pr' }
Alpine
Altamont
Alton
Altonah
American Fork
Aneth
Annabella
Antimony
Aurora
Axtell
Bear River City
Beaver
Beryl
Bicknell
Bingham Canyon
Blanding
Bluebell
Bluff
Bonanza
Boulder
Bountiful
Brian Head
Brigham City
Bryce
Bryce Canyon
Cache Junction
Cannonville
Castle Dale
Cedar City
Cedar Valley
Centerfield
Centerville
Central
Chester
Circleville
Cisco
Clarkston
Clawson
Clearfield
Cleveland
Clinton
Coalville
Collinston
Corinne
Cornish
Croydon
Dammeron Valley
Delta
Deweyville
Draper
Duchesne
Duck Creek Village
Dugway
Dutch John
East Carbon
Echo
Eden
Elberta
Elmo
Elsinore
Emery
Enterprise
Ephraim
Escalante
Eureka
Fairview
Farmington
Fayette
Ferron
Fielding
Fillmore
Fort Duchesne
Fountain Green
Fruitland
Garden City
Garland
Garrison
Glendale
Glenwood
Goshen
Grantsville
Green River
Greenville
Greenwich
Grouse Creek
Gunlock
Gunnison
Gusher
Hanksville
Hanna
Hatch
Heber City
Helper
Henefer
Henrieville
Hiawatha
Hildale
Hill AFB
Hinckley
Holden
Honeyville
Hooper
Howell
Huntington
Huntsville
Hurricane
Hyde Park
Hyrum
Ibapah
Ivins
Jensen
Joseph
Junction
Kamas
Kanab
Kanarraville
Kanosh
Kaysville
Kenilworth
Kingston
Koosharem
La Sal
La Verkin
Lake Powell
Laketown
Lapoint
Layton
Leamington
Leeds
Lehi
Levan
Lewiston
Lindon
Loa
Logan
Lyman
Lynndyl
Magna
Manila
Manti
Mantua
Mapleton
Marysvale
Mayfield
Meadow
Mendon
Mexican Hat
Midvale
Midway
Milford
Millville
Minersville
Moab
Modena
Mona
Monroe
Montezuma Creek
Monticello
Morgan
Moroni
Mount Carmel
Mount Pleasant
Mountain Home
Myton
Neola
Nephi
New Harmony
Newcastle
Newton
North Salt Lake
Oak City
Oakley
Oasis
Ogden
Orangeville
Orderville
Orem
Panguitch
Paradise
Paragonah
Park City
Park Valley
Parowan
Payson
Peoa
Pine Valley
Pleasant Grove
Plymouth
Portage
Price
Price
Providence
Providence
Provo
Provo
Randlett
Randolph
Redmond
Richfield
Richmond
Riverside
Riverton
Rockville
Roosevelt
Roy
Rush Valley
Saint George
Salem
Salina
Salt Lake City
Sandy
Santa Clara
Santaquin
Scipio
Sevier
Sigurd
Smithfield
Snowville
South Jordan
South Willard
Spanish Fork
Spring City
Springdale
Springville
Sterling
Stockton
Summit
Sunnyside
Syracuse
Tabiona
Talmage
Teasdale
Thompson
Tooele
Toquerville
Torrey
Tremonton
Trenton
Tridell
Tropic
Vernal
Vernon
Veyo
Virgin
Wales
Wallsburg
Washington
Wellington
Wellsville
Wendover
West Jordan
Whiterocks
Willard
Woodruff
Woods Cross

[0mGET /getcity?q=Pr [32m200 [0m2.235 ms - 57[0m
{ q: 'Pro' }
Alpine
Altamont
Alton
Altonah
American Fork
Aneth
Annabella
Antimony
Aurora
Axtell
Bear River City
Beaver
Beryl
Bicknell
Bingham Canyon
Blanding
Bluebell
Bluff
Bonanza
Boulder
Bountiful
Brian Head
Brigham City
Bryce
Bryce Canyon
Cache Junction
Cannonville
Castle Dale
Cedar City
Cedar Valley
Centerfield
Centerville
Central
Chester
Circleville
Cisco
Clarkston
Clawson
Clearfield
Cleveland
Clinton
Coalville
Collinston
Corinne
Cornish
Croydon
Dammeron Valley
Delta
Deweyville
Draper
Duchesne
Duck Creek Village
Dugway
Dutch John
East Carbon
Echo
Eden
Elberta
Elmo
Elsinore
Emery
Enterprise
Ephraim
Escalante
Eureka
Fairview
Farmington
Fayette
Ferron
Fielding
Fillmore
Fort Duchesne
Fountain Green
Fruitland
Garden City
Garland
Garrison
Glendale
Glenwood
Goshen
Grantsville
Green River
Greenville
Greenwich
Grouse Creek
Gunlock
Gunnison
Gusher
Hanksville
Hanna
Hatch
Heber City
Helper
Henefer
Henrieville
Hiawatha
Hildale
Hill AFB
Hinckley
Holden
Honeyville
Hooper
Howell
Huntington
Huntsville
Hurricane
Hyde Park
Hyrum
Ibapah
Ivins
Jensen
Joseph
Junction
Kamas
Kanab
Kanarraville
Kanosh
Kaysville
Kenilworth
Kingston
Koosharem
La Sal
La Verkin
Lake Powell
Laketown
Lapoint
Layton
Leamington
Leeds
Lehi
Levan
Lewiston
Lindon
Loa
Logan
Lyman
Lynndyl
Magna
Manila
Manti
Mantua
Mapleton
Marysvale
Mayfield
Meadow
Mendon
Mexican Hat
Midvale
Midway
Milford
Millville
Minersville
Moab
Modena
Mona
Monroe
Montezuma Creek
Monticello
Morgan
Moroni
Mount Carmel
Mount Pleasant
Mountain Home
Myton
Neola
Nephi
New Harmony
Newcastle
Newton
North Salt Lake
Oak City
Oakley
Oasis
Ogden
Orangeville
Orderville
Orem
Panguitch
Paradise
Paragonah
Park City
Park Valley
Parowan
Payson
Peoa
Pine Valley
Pleasant Grove
Plymouth
Portage
Price
Providence
Providence
Provo
Provo
Randlett
Randolph
Redmond
Richfield
Richmond
Riverside
Riverton
Rockville
Roosevelt
Roy
Rush Valley
Saint George
Salem
Salina
Salt Lake City
Sandy
Santa Clara
Santaquin
Scipio
Sevier
Sigurd
Smithfield
Snowville
South Jordan
South Willard
Spanish Fork
Spring City
Springdale
Springville
Sterling
Stockton
Summit
Sunnyside
Syracuse
Tabiona
Talmage
Teasdale
Thompson
Tooele
Toquerville
Torrey
Tremonton
Trenton
Tridell
Tropic
Vernal
Vernon
Veyo
Virgin
Wales
Wallsburg
Washington
Wellington
Wellsville
Wendover
West Jordan
Whiterocks
Willard
Woodruff
Woods Cross

[0mGET /getcity?q=Pro [32m200 [0m2.287 ms - 40[0m
{ q: 'Prov' }
Alpine
Altamont
Alton
Altonah
American Fork
Aneth
Annabella
Antimony
Aurora
Axtell
Bear River City
Beaver
Beryl
Bicknell
Bingham Canyon
Blanding
Bluebell
Bluff
Bonanza
Boulder
Bountiful
Brian Head
Brigham City
Bryce
Bryce Canyon
Cache Junction
Cannonville
Castle Dale
Cedar City
Cedar Valley
Centerfield
Centerville
Central
Chester
Circleville
Cisco
Clarkston
Clawson
Clearfield
Cleveland
Clinton
Coalville
Collinston
Corinne
Cornish
Croydon
Dammeron Valley
Delta
Deweyville
Draper
Duchesne
Duck Creek Village
Dugway
Dutch John
East Carbon
Echo
Eden
Elberta
Elmo
Elsinore
Emery
Enterprise
Ephraim
Escalante
Eureka
Fairview
Farmington
Fayette
Ferron
Fielding
Fillmore
Fort Duchesne
Fountain Green
Fruitland
Garden City
Garland
Garrison
Glendale
Glenwood
Goshen
Grantsville
Green River
Greenville
Greenwich
Grouse Creek
Gunlock
Gunnison
Gusher
Hanksville
Hanna
Hatch
Heber City
Helper
Henefer
Henrieville
Hiawatha
Hildale
Hill AFB
Hinckley
Holden
Honeyville
Hooper
Howell
Huntington
Huntsville
Hurricane
Hyde Park
Hyrum
Ibapah
Ivins
Jensen
Joseph
Junction
Kamas
Kanab
Kanarraville
Kanosh
Kaysville
Kenilworth
Kingston
Koosharem
La Sal
La Verkin
Lake Powell
Laketown
Lapoint
Layton
Leamington
Leeds
Lehi
Levan
Lewiston
Lindon
Loa
Logan
Lyman
Lynndyl
Magna
Manila
Manti
Mantua
Mapleton
Marysvale
Mayfield
Meadow
Mendon
Mexican Hat
Midvale
Midway
Milford
Millville
Minersville
Moab
Modena
Mona
Monroe
Montezuma Creek
Monticello
Morgan
Moroni
Mount Carmel
Mount Pleasant
Mountain Home
Myton
Neola
Nephi
New Harmony
Newcastle
Newton
North Salt Lake
Oak City
Oakley
Oasis
Ogden
Orangeville
Orderville
Orem
Panguitch
Paradise
Paragonah
Park City
Park Valley
Parowan
Payson
Peoa
Pine Valley
Pleasant Grove
Plymouth
Portage
Price
Providence
Providence
Provo
Provo
Randlett
Randolph
Redmond
Richfield
Richmond
Riverside
Riverton
Rockville
Roosevelt
Roy
Rush Valley
Saint George
Salem
Salina
Salt Lake City
Sandy
Santa Clara
Santaquin
Scipio
Sevier
Sigurd
Smithfield
Snowville
South Jordan
South Willard
Spanish Fork
Spring City
Springdale
Springville
Sterling
Stockton
Summit
Sunnyside
Syracuse
Tabiona
Talmage
Teasdale
Thompson
Tooele
Toquerville
Torrey
Tremonton
Trenton
Tridell
Tropic
Vernal
Vernon
Veyo
Virgin
Wales
Wallsburg
Washington
Wellington
Wellsville
Wendover
West Jordan
Whiterocks
Willard
Woodruff
Woods Cross

[0mGET /getcity?q=Prov [32m200 [0m2.049 ms - 40[0m
{ q: 'Provo' }
Alpine
Altamont
Alton
Altonah
American Fork
Aneth
Annabella
Antimony
Aurora
Axtell
Bear River City
Beaver
Beryl
Bicknell
Bingham Canyon
Blanding
Bluebell
Bluff
Bonanza
Boulder
Bountiful
Brian Head
Brigham City
Bryce
Bryce Canyon
Cache Junction
Cannonville
Castle Dale
Cedar City
Cedar Valley
Centerfield
Centerville
Central
Chester
Circleville
Cisco
Clarkston
Clawson
Clearfield
Cleveland
Clinton
Coalville
Collinston
Corinne
Cornish
Croydon
Dammeron Valley
Delta
Deweyville
Draper
Duchesne
Duck Creek Village
Dugway
Dutch John
East Carbon
Echo
Eden
Elberta
Elmo
Elsinore
Emery
Enterprise
Ephraim
Escalante
Eureka
Fairview
Farmington
Fayette
Ferron
Fielding
Fillmore
Fort Duchesne
Fountain Green
Fruitland
Garden City
Garland
Garrison
Glendale
Glenwood
Goshen
Grantsville
Green River
Greenville
Greenwich
Grouse Creek
Gunlock
Gunnison
Gusher
Hanksville
Hanna
Hatch
Heber City
Helper
Henefer
Henrieville
Hiawatha
Hildale
Hill AFB
Hinckley
Holden
Honeyville
Hooper
Howell
Huntington
Huntsville
Hurricane
Hyde Park
Hyrum
Ibapah
Ivins
Jensen
Joseph
Junction
Kamas
Kanab
Kanarraville
Kanosh
Kaysville
Kenilworth
Kingston
Koosharem
La Sal
La Verkin
Lake Powell
Laketown
Lapoint
Layton
Leamington
Leeds
Lehi
Levan
Lewiston
Lindon
Loa
Logan
Lyman
Lynndyl
Magna
Manila
Manti
Mantua
Mapleton
Marysvale
Mayfield
Meadow
Mendon
Mexican Hat
Midvale
Midway
Milford
Millville
Minersville
Moab
Modena
Mona
Monroe
Montezuma Creek
Monticello
Morgan
Moroni
Mount Carmel
Mount Pleasant
Mountain Home
Myton
Neola
Nephi
New Harmony
Newcastle
Newton
North Salt Lake
Oak City
Oakley
Oasis
Ogden
Orangeville
Orderville
Orem
Panguitch
Paradise
Paragonah
Park City
Park Valley
Parowan
Payson
Peoa
Pine Valley
Pleasant Grove
Plymouth
Portage
Price
Providence
Provo
Provo
Randlett
Randolph
Redmond
Richfield
Richmond
Riverside
Riverton
Rockville
Roosevelt
Roy
Rush Valley
Saint George
Salem
Salina
Salt Lake City
Sandy
Santa Clara
Santaquin
Scipio
Sevier
Sigurd
Smithfield
Snowville
South Jordan
South Willard
Spanish Fork
Spring City
Springdale
Springville
Sterling
Stockton
Summit
Sunnyside
Syracuse
Tabiona
Talmage
Teasdale
Thompson
Tooele
Toquerville
Torrey
Tremonton
Trenton
Tridell
Tropic
Vernal
Vernon
Veyo
Virgin
Wales
Wallsburg
Washington
Wellington
Wellsville
Wendover
West Jordan
Whiterocks
Willard
Woodruff
Woods Cross

[0mGET /getcity?q=Provo [32m200 [0m1.921 ms - 18[0m
